<component name="libraryTable">
  <library name="junit-4.12">
    <CLASSES>
      <root url="jar://$PROJECT_DIR$/libs/junit-4.12.jar!/" />
      <root url="jar://$PROJECT_DIR$/libs/mybatis-3.4.6.jar!/" />
      <root url="jar://$PROJECT_DIR$/libs/mysql-connector-java-8.0.11.jar!/" />
    </CLASSES>
    <JAVADOC />
    <SOURCES />
  </library>
</component>